<?xml version="1.0" encoding="UTF-8"?>
<testng-results skipped="0" failed="0" ignored="0" total="8" passed="8">
  <reporter-output>
  </reporter-output>
  <suite name="Default suite" duration-ms="10978" started-at="2021-05-26T04:29:32Z" finished-at="2021-05-26T04:29:43Z">
    <groups>
    </groups>
    <test name="Default test" duration-ms="10978" started-at="2021-05-26T04:29:32Z" finished-at="2021-05-26T04:29:43Z">
      <class name="com.synechron.ws.wstraining.basics.get.GetBoardWithValidation">
        <test-method status="PASS" signature="multipleAssertions()[pri:0, instance:com.synechron.ws.wstraining.basics.get.GetBoardWithValidation@7085bdee]" name="multipleAssertions" duration-ms="6166" started-at="2021-05-26T04:29:32Z" finished-at="2021-05-26T04:29:38Z">
          <reporter-output>
          </reporter-output>
        </test-method> <!-- multipleAssertions -->
        <test-method status="PASS" signature="printAllArrayElements()[pri:0, instance:com.synechron.ws.wstraining.basics.get.GetBoardWithValidation@7085bdee]" name="printAllArrayElements" duration-ms="729" started-at="2021-05-26T04:29:38Z" finished-at="2021-05-26T04:29:39Z">
          <reporter-output>
          </reporter-output>
        </test-method> <!-- printAllArrayElements -->
        <test-method status="PASS" signature="validateBodyInGet()[pri:0, instance:com.synechron.ws.wstraining.basics.get.GetBoardWithValidation@7085bdee]" name="validateBodyInGet" duration-ms="687" started-at="2021-05-26T04:29:39Z" finished-at="2021-05-26T04:29:40Z">
          <reporter-output>
          </reporter-output>
        </test-method> <!-- validateBodyInGet -->
        <test-method status="PASS" signature="validateKeyExist()[pri:0, instance:com.synechron.ws.wstraining.basics.get.GetBoardWithValidation@7085bdee]" name="validateKeyExist" duration-ms="736" started-at="2021-05-26T04:29:40Z" finished-at="2021-05-26T04:29:40Z">
          <reporter-output>
          </reporter-output>
        </test-method> <!-- validateKeyExist -->
        <test-method status="PASS" signature="validateMultipleValuesInArray()[pri:0, instance:com.synechron.ws.wstraining.basics.get.GetBoardWithValidation@7085bdee]" name="validateMultipleValuesInArray" duration-ms="622" started-at="2021-05-26T04:29:40Z" finished-at="2021-05-26T04:29:41Z">
          <reporter-output>
          </reporter-output>
        </test-method> <!-- validateMultipleValuesInArray -->
        <test-method status="PASS" signature="validateResponseHeaderInGet()[pri:0, instance:com.synechron.ws.wstraining.basics.get.GetBoardWithValidation@7085bdee]" name="validateResponseHeaderInGet" duration-ms="658" started-at="2021-05-26T04:29:41Z" finished-at="2021-05-26T04:29:42Z">
          <reporter-output>
          </reporter-output>
        </test-method> <!-- validateResponseHeaderInGet -->
        <test-method status="PASS" signature="validateResponseInArray()[pri:0, instance:com.synechron.ws.wstraining.basics.get.GetBoardWithValidation@7085bdee]" name="validateResponseInArray" duration-ms="610" started-at="2021-05-26T04:29:42Z" finished-at="2021-05-26T04:29:42Z">
          <reporter-output>
          </reporter-output>
        </test-method> <!-- validateResponseInArray -->
        <test-method status="PASS" signature="verifyPerticularValue()[pri:0, instance:com.synechron.ws.wstraining.basics.get.GetBoardWithValidation@7085bdee]" name="verifyPerticularValue" duration-ms="709" started-at="2021-05-26T04:29:42Z" finished-at="2021-05-26T04:29:43Z">
          <reporter-output>
          </reporter-output>
        </test-method> <!-- verifyPerticularValue -->
      </class> <!-- com.synechron.ws.wstraining.basics.get.GetBoardWithValidation -->
    </test> <!-- Default test -->
  </suite> <!-- Default suite -->
</testng-results>
