<?xml version="1.0" encoding="UTF-8"?>
<testng-results skipped="0" failed="0" ignored="0" total="3" passed="3">
  <reporter-output>
  </reporter-output>
  <suite name="Default suite" duration-ms="4485" started-at="2021-05-26T07:51:40Z" finished-at="2021-05-26T07:51:44Z">
    <groups>
    </groups>
    <test name="Default test" duration-ms="4485" started-at="2021-05-26T07:51:40Z" finished-at="2021-05-26T07:51:44Z">
      <class name="com.synechron.ws.wstraining.basics.response.JaywayDemo">
        <test-method status="PASS" signature="createValidataleResponseUsingJayway()[pri:0, instance:com.synechron.ws.wstraining.basics.response.JaywayDemo@31a5c39e]" name="createValidataleResponseUsingJayway" duration-ms="4313" started-at="2021-05-26T07:51:40Z" finished-at="2021-05-26T07:51:44Z">
          <reporter-output>
          </reporter-output>
        </test-method> <!-- createValidataleResponseUsingJayway -->
        <test-method status="PASS" signature="getArray()[pri:0, instance:com.synechron.ws.wstraining.basics.response.JaywayDemo@31a5c39e]" name="getArray" duration-ms="125" started-at="2021-05-26T07:51:44Z" depends-on-methods="com.synechron.ws.wstraining.basics.response.JaywayDemo.createValidataleResponseUsingJayway" finished-at="2021-05-26T07:51:44Z">
          <reporter-output>
          </reporter-output>
        </test-method> <!-- getArray -->
        <test-method status="PASS" signature="getID()[pri:0, instance:com.synechron.ws.wstraining.basics.response.JaywayDemo@31a5c39e]" name="getID" duration-ms="4" started-at="2021-05-26T07:51:44Z" depends-on-methods="com.synechron.ws.wstraining.basics.response.JaywayDemo.createValidataleResponseUsingJayway" finished-at="2021-05-26T07:51:44Z">
          <reporter-output>
          </reporter-output>
        </test-method> <!-- getID -->
      </class> <!-- com.synechron.ws.wstraining.basics.response.JaywayDemo -->
    </test> <!-- Default test -->
  </suite> <!-- Default suite -->
</testng-results>
