<?xml version="1.0" encoding="UTF-8"?>
<!-- Generated by org.testng.reporters.JUnitXMLReporter -->
<testsuite hostname="ARAVINDA-DELL-PERSONAL" ignored="0" name="Trello" tests="12" failures="0" timestamp="2021-05-27T16:30:41 IST" time="12.509" errors="0">
  <testcase name="multipleAssertions" time="5.184" classname="com.synechron.ws.wstraining.basics.get.GetBoardWithValidation"/>
  <testcase name="printAllArrayElements" time="0.61" classname="com.synechron.ws.wstraining.basics.get.GetBoardWithValidation"/>
  <testcase name="validateBodyInGet" time="0.616" classname="com.synechron.ws.wstraining.basics.get.GetBoardWithValidation"/>
  <testcase name="validateKeyExist" time="0.674" classname="com.synechron.ws.wstraining.basics.get.GetBoardWithValidation"/>
  <testcase name="validateMultipleValuesInArray" time="0.572" classname="com.synechron.ws.wstraining.basics.get.GetBoardWithValidation"/>
  <testcase name="validateResponseHeaderInGet" time="0.642" classname="com.synechron.ws.wstraining.basics.get.GetBoardWithValidation"/>
  <testcase name="validateResponseInArray" time="0.581" classname="com.synechron.ws.wstraining.basics.get.GetBoardWithValidation"/>
  <testcase name="verifyPerticularValue" time="0.553" classname="com.synechron.ws.wstraining.basics.get.GetBoardWithValidation"/>
  <testcase name="validateGetBoardInBDDStyle" time="0.491" classname="com.synechron.ws.wstraining.basics.get.GetTrelloBoard"/>
  <testcase name="validateGetBoardInBDDStyleSimplified" time="0.503" classname="com.synechron.ws.wstraining.basics.get.GetTrelloBoard"/>
  <testcase name="validateGetBoardInExpectFormat" time="0.517" classname="com.synechron.ws.wstraining.basics.get.GetTrelloBoard"/>
  <testcase name="validateGetBoardInRestFormat" time="0.475" classname="com.synechron.ws.wstraining.basics.get.GetTrelloBoard"/>
</testsuite> <!-- Trello -->
