<?xml version="1.0" encoding="UTF-8"?>
<testsuite xmlns:xsi="http://www.w3.org/2001/XMLSchema-instance" xsi:noNamespaceSchemaLocation="https://maven.apache.org/surefire/maven-surefire-plugin/xsd/surefire-test-report-3.0.xsd" version="3.0" name="TestSuite" time="17.567" tests="14" errors="0" skipped="0" failures="1">
  <properties>
[...]
</properties>
  <testcase name="multipleAssertions" classname="com.synechron.ws.wstraining.basics.get.GetBoardWithValidation" time="5.187"/>
  <testcase name="printAllArrayElements" classname="com.synechron.ws.wstraining.basics.get.GetBoardWithValidation" time="0.608"/>
  <testcase name="validateBodyInGet" classname="com.synechron.ws.wstraining.basics.get.GetBoardWithValidation" time="0.616"/>
  <testcase name="validateKeyExist" classname="com.synechron.ws.wstraining.basics.get.GetBoardWithValidation" time="0.674"/>
  <testcase name="validateMultipleValuesInArray" classname="com.synechron.ws.wstraining.basics.get.GetBoardWithValidation" time="0.571"/>
  <testcase name="validateResponseHeaderInGet" classname="com.synechron.ws.wstraining.basics.get.GetBoardWithValidation" time="0.642"/>
  <testcase name="validateResponseInArray" classname="com.synechron.ws.wstraining.basics.get.GetBoardWithValidation" time="0.581"/>
  <testcase name="verifyPerticularValue" classname="com.synechron.ws.wstraining.basics.get.GetBoardWithValidation" time="0.553"/>
  <testcase name="validateGetBoardInBDDStyle" classname="com.synechron.ws.wstraining.basics.get.GetTrelloBoard" time="0.492"/>
  <testcase name="validateGetBoardInBDDStyleSimplified" classname="com.synechron.ws.wstraining.basics.get.GetTrelloBoard" time="0.504"/>
  <testcase name="validateGetBoardInExpectFormat" classname="com.synechron.ws.wstraining.basics.get.GetTrelloBoard" time="0.516"/>
  <testcase name="validateGetBoardInRestFormat" classname="com.synechron.ws.wstraining.basics.get.GetTrelloBoard" time="0.476"/>
  <testcase name="validateCreateRepository" classname="com.synechron.ws.wstraining.basics.post.CreateRepository" time="0.506">
    <failure message="1 expectation failed.&#10;Expected status code &lt;201&gt; but was &lt;401&gt;.&#10;" type="java.lang.AssertionError"><![CDATA[java.lang.AssertionError: 
1 expectation failed.
Expected status code <201> but was <401>.

	at com.synechron.ws.wstraining.basics.post.CreateRepository.validateCreateRepository(CreateRepository.java:28)
]]></failure>
    <system-out><![CDATA[PASSED: validateKeyExist
PASSED: validateGetBoardInBDDStyle
PASSED: validateBodyInGet
PASSED: multipleAssertions
PASSED: validateGetBoardInExpectFormat
PASSED: validateGetBoardInRestFormat
PASSED: validateResponseHeaderInGet
PASSED: verifyPerticularValue
PASSED: validateResponseInArray
PASSED: validateGetBoardInBDDStyleSimplified
PASSED: validateMultipleValuesInArray
PASSED: printAllArrayElements

===============================================
    Trello
    Tests run: 12, Failures: 0, Skips: 0
===============================================

]]></system-out>
  </testcase>
  <testcase name="createPayment" classname="com.synechron.ws.wstraining.basics.auth.CreatePayment" time="0.934">
    <system-out><![CDATA[FAILED: validateCreateRepository
java.lang.AssertionError: 1 expectation failed.
Expected status code <201> but was <401>.

	at sun.reflect.NativeConstructorAccessorImpl.newInstance0(Native Method)
	at sun.reflect.NativeConstructorAccessorImpl.newInstance(NativeConstructorAccessorImpl.java:62)
	at sun.reflect.DelegatingConstructorAccessorImpl.newInstance(DelegatingConstructorAccessorImpl.java:45)
	at java.lang.reflect.Constructor.newInstance(Constructor.java:423)
	at org.codehaus.groovy.reflection.CachedConstructor.invoke(CachedConstructor.java:72)
	at org.codehaus.groovy.reflection.CachedConstructor.doConstructorInvoke(CachedConstructor.java:59)
	at org.codehaus.groovy.runtime.callsite.ConstructorSite$ConstructorSiteNoUnwrap.callConstructor(ConstructorSite.java:84)
	at org.codehaus.groovy.runtime.callsite.CallSiteArray.defaultCallConstructor(CallSiteArray.java:59)
	at org.codehaus.groovy.runtime.callsite.AbstractCallSite.callConstructor(AbstractCallSite.java:263)
	at org.codehaus.groovy.runtime.callsite.AbstractCallSite.callConstructor(AbstractCallSite.java:277)
	at io.restassured.internal.ResponseSpecificationImpl$HamcrestAssertionClosure.validate(ResponseSpecificationImpl.groovy:493)
	at io.restassured.internal.ResponseSpecificationImpl$HamcrestAssertionClosure$validate$1.call(Unknown Source)
	at io.restassured.internal.ResponseSpecificationImpl.validateResponseIfRequired(ResponseSpecificationImpl.groovy:674)
	at sun.reflect.GeneratedMethodAccessor27.invoke(Unknown Source)
	at sun.reflect.DelegatingMethodAccessorImpl.invoke(DelegatingMethodAccessorImpl.java:43)
	at java.lang.reflect.Method.invoke(Method.java:498)
	at org.codehaus.groovy.runtime.callsite.PlainObjectMetaMethodSite.doInvoke(PlainObjectMetaMethodSite.java:43)
	at org.codehaus.groovy.runtime.callsite.PogoMetaMethodSite$PogoCachedMethodSiteNoUnwrapNoCoerce.invoke(PogoMetaMethodSite.java:193)
	at org.codehaus.groovy.runtime.callsite.PogoMetaMethodSite.callCurrent(PogoMetaMethodSite.java:61)
	at org.codehaus.groovy.runtime.callsite.AbstractCallSite.callCurrent(AbstractCallSite.java:185)
	at io.restassured.internal.ResponseSpecificationImpl.statusCode(ResponseSpecificationImpl.groovy:126)
	at io.restassured.specification.ResponseSpecification$statusCode$0.callCurrent(Unknown Source)
	at io.restassured.internal.ResponseSpecificationImpl.statusCode(ResponseSpecificationImpl.groovy:134)
	at io.restassured.internal.ValidatableResponseOptionsImpl.statusCode(ValidatableResponseOptionsImpl.java:89)
	at io.restassured.internal.ValidatableResponseImpl.super$2$statusCode(ValidatableResponseImpl.groovy)
	at sun.reflect.NativeMethodAccessorImpl.invoke0(Native Method)
	at sun.reflect.NativeMethodAccessorImpl.invoke(NativeMethodAccessorImpl.java:62)
	at sun.reflect.DelegatingMethodAccessorImpl.invoke(DelegatingMethodAccessorImpl.java:43)
	at java.lang.reflect.Method.invoke(Method.java:498)
	at org.codehaus.groovy.reflection.CachedMethod.invoke(CachedMethod.java:107)
	at groovy.lang.MetaMethod.doMethodInvoke(MetaMethod.java:323)
	at groovy.lang.MetaClassImpl.invokeMethod(MetaClassImpl.java:1268)
	at org.codehaus.groovy.runtime.ScriptBytecodeAdapter.invokeMethodOnSuperN(ScriptBytecodeAdapter.java:144)
	at io.restassured.internal.ValidatableResponseImpl.statusCode(ValidatableResponseImpl.groovy:142)
	at io.restassured.internal.ValidatableResponseImpl.statusCode(ValidatableResponseImpl.groovy)
	at com.synechron.ws.wstraining.basics.post.CreateRepository.validateCreateRepository(CreateRepository.java:28)
	at sun.reflect.NativeMethodAccessorImpl.invoke0(Native Method)
	at sun.reflect.NativeMethodAccessorImpl.invoke(NativeMethodAccessorImpl.java:62)
	at sun.reflect.DelegatingMethodAccessorImpl.invoke(DelegatingMethodAccessorImpl.java:43)
	at java.lang.reflect.Method.invoke(Method.java:498)
	at org.testng.internal.MethodInvocationHelper.invokeMethod(MethodInvocationHelper.java:133)
	at org.testng.internal.TestInvoker.invokeMethod(TestInvoker.java:598)
	at org.testng.internal.TestInvoker.invokeTestMethod(TestInvoker.java:173)
	at org.testng.internal.MethodRunner.runInSequence(MethodRunner.java:46)
	at org.testng.internal.TestInvoker$MethodInvocationAgent.invoke(TestInvoker.java:824)
	at org.testng.internal.TestInvoker.invokeTestMethods(TestInvoker.java:146)
	at org.testng.internal.TestMethodWorker.invokeTestMethods(TestMethodWorker.java:146)
	at org.testng.internal.TestMethodWorker.run(TestMethodWorker.java:128)
	at java.util.ArrayList.forEach(ArrayList.java:1257)
	at org.testng.TestRunner.privateRun(TestRunner.java:794)
	at org.testng.TestRunner.run(TestRunner.java:596)
	at org.testng.SuiteRunner.runTest(SuiteRunner.java:377)
	at org.testng.SuiteRunner.runSequentially(SuiteRunner.java:371)
	at org.testng.SuiteRunner.privateRun(SuiteRunner.java:332)
	at org.testng.SuiteRunner.run(SuiteRunner.java:276)
	at org.testng.SuiteRunnerWorker.runSuite(SuiteRunnerWorker.java:53)
	at org.testng.SuiteRunnerWorker.run(SuiteRunnerWorker.java:96)
	at org.testng.TestNG.runSuitesSequentially(TestNG.java:1212)
	at org.testng.TestNG.runSuitesLocally(TestNG.java:1134)
	at org.testng.TestNG.runSuites(TestNG.java:1063)
	at org.testng.TestNG.run(TestNG.java:1031)
	at org.apache.maven.surefire.testng.TestNGExecutor.run(TestNGExecutor.java:284)
	at org.apache.maven.surefire.testng.TestNGXmlTestSuite.execute(TestNGXmlTestSuite.java:75)
	at org.apache.maven.surefire.testng.TestNGProvider.invoke(TestNGProvider.java:119)
	at org.apache.maven.surefire.booter.ForkedBooter.runSuitesInProcess(ForkedBooter.java:428)
	at org.apache.maven.surefire.booter.ForkedBooter.execute(ForkedBooter.java:162)
	at org.apache.maven.surefire.booter.ForkedBooter.run(ForkedBooter.java:562)
	at org.apache.maven.surefire.booter.ForkedBooter.main(ForkedBooter.java:548)


===============================================
    GIT
    Tests run: 1, Failures: 1, Skips: 0
===============================================

HTTP/1.1 200 OK
Cache-Control: max-age=0, no-cache, no-store, must-revalidate
Content-Type: application/json
Paypal-Debug-Id: 93aa725278477
X-Paypal-Token-Service: IAAS
Vary: Accept-Encoding
Content-Encoding: gzip
Date: Thu, 27 May 2021 11:00:42 GMT
Content-Length: 457
Connection: keep-alive

{
    "scope": "https://uri.paypal.com/services/invoicing https://uri.paypal.com/services/vault/payment-tokens/read https://uri.paypal.com/services/disputes/read-buyer https://uri.paypal.com/services/payments/realtimepayment https://uri.paypal.com/services/disputes/update-seller https://uri.paypal.com/services/payments/payment/authcapture openid https://uri.paypal.com/services/disputes/read-seller Braintree:Vault https://uri.paypal.com/services/payments/refund https://api.paypal.com/v1/vault/credit-card https://api.paypal.com/v1/payments/.* https://uri.paypal.com/payments/payouts https://uri.paypal.com/services/vault/payment-tokens/readwrite https://api.paypal.com/v1/vault/credit-card/.* https://uri.paypal.com/services/subscriptions https://uri.paypal.com/services/applications/webhooks",
    "access_token": "A21AALUPz4HmXa-L8cqKiuPYPQrHRukC_hHJ6mNVF0jgvm_ojYxjE292RMHKeMiWZ7x-ffhQNC0OI4ZMzlSgt-keevWOXfPzQ",
    "token_type": "Bearer",
    "app_id": "APP-80W284485P519543T",
    "expires_in": 32400,
    "nonce": "2021-05-27T11:00:42Zz2ijm9zCFjfx0S3cXmaB6dyMSkSbzQsPvvk14uVaaso"
}
{
    "id": "PAYID-MCXXXWY67V43460035529432",
    "intent": "sale",
    "state": "created",
    "payer": {
        "payment_method": "paypal"
    },
    "transactions": [
        {
            "amount": {
                "total": "30.11",
                "currency": "USD",
                "details": {
                    "subtotal": "30.00",
                    "tax": "0.07",
                    "shipping": "0.03",
                    "insurance": "0.01",
                    "handling_fee": "1.00",
                    "shipping_discount": "-1.00"
                }
            },
            "description": "The payment transaction description.",
            "custom": "EBAY_EMS_90048630024435",
            "invoice_number": "48787589673",
            "soft_descriptor": "ECHI5786786",
            "payment_options": {
                "allowed_payment_method": "INSTANT_FUNDING_SOURCE",
                "recurring_flag": false,
                "skip_fmf": false
            },
            "item_list": {
                "items": [
                    {
                        "name": "hat",
                        "sku": "1",
                        "description": "Brown hat.",
                        "price": "3.00",
                        "currency": "USD",
                        "tax": "0.01",
                        "quantity": 5
                    },
                    {
                        "name": "handbag",
                        "sku": "product34",
                        "description": "Black handbag.",
                        "price": "15.00",
                        "currency": "USD",
                        "tax": "0.02",
                        "quantity": 1
                    }
                ],
                "shipping_address": {
                    "recipient_name": "Brian Robinson",
                    "line1": "4th Floor",
                    "line2": "Unit #34",
                    "city": "San Jose",
                    "state": "CA",
                    "postal_code": "95131",
                    "country_code": "US",
                    "phone": "011862212345678"
                }
            },
            "related_resources": [
                
            ]
        }
    ],
    "note_to_payer": "Contact us for any questions on your order.",
    "create_time": "2021-05-27T11:00:42Z",
    "links": [
        {
            "href": "https://api.sandbox.paypal.com/v1/payments/payment/PAYID-MCXXXWY67V43460035529432",
            "rel": "self",
            "method": "GET"
        },
        {
            "href": "https://www.sandbox.paypal.com/cgi-bin/webscr?cmd=_express-checkout&token=EC-1TG71932PC342173T",
            "rel": "approval_url",
            "method": "REDIRECT"
        },
        {
            "href": "https://api.sandbox.paypal.com/v1/payments/payment/PAYID-MCXXXWY67V43460035529432/execute",
            "rel": "execute",
            "method": "POST"
        }
    ]
}
]]></system-out>
  </testcase>
</testsuite>