<?xml version="1.0" encoding="UTF-8"?>
<!-- Generated by org.testng.reporters.JUnitXMLReporter -->
<testsuite hostname="ARAVINDA-DELL-PERSONAL" ignored="0" name="Default test" tests="2" failures="1" timestamp="25 May 2021 10:46:47 GMT" time="3.917" errors="0">
  <testcase name="validateBodyInGet" time="3.389" classname="com.synechron.ws.wstraining.basics.get.GetBoardWithValidation"/>
  <testcase name="validateResponseHeaderInGet" time="0.498" classname="com.synechron.ws.wstraining.basics.get.GetBoardWithValidation">
    <failure type="java.lang.AssertionError" message="1 expectation failed.
Expected header &amp;quot;Content-Type&amp;quot; was not &amp;quot;application/json; charset=utf-9&amp;quot;, was &amp;quot;application/json; charset=utf-8&amp;quot;. Headers are:
X-Dns-Prefetch-Control=off
X-Frame-Options=DENY
X-Download-Options=noopen
X-Permitted-Cross-Domain-Policies=none
Referrer-Policy=strict-origin-when-cross-origin
Surrogate-Control=no-store
Cache-Control=max-age=0, must-revalidate, no-cache, no-store
Pragma=no-cache
Expires=Thu, 01 Jan 1970 00:00:00
X-Trello-Version=1.2444.0
X-Trello-Environment=Production
Set-Cookie=dsc=5cdca406d9fdfe308a6a44e440ae9cf347cd16f6516160af15e58ba40a298953; Path=/; Expires=Fri, 28 May 2021 10:46:46 GMT; Secure
Set-Cookie=preAuthProps=s%3A6092c502f3c0993906dedeb8%3AisEnterpriseAdmin%3Dfalse.Pldgfrh1OgGbRuKV1jWYmtHa6reh1uhwOqbOwq8qYDQ; Path=/
Access-Control-Allow-Origin=*
Access-Control-Allow-Methods=GET, PUT, POST, DELETE
Access-Control-Allow-Headers=Authorization, Accept, Content-Type
Access-Control-Expose-Headers=x-rate-limit-api-key-interval-ms, x-rate-limit-api-key-max, x-rate-limit-api-key-remaining, x-rate-limit-api-token-interval-ms, x-rate-limit-api-token-max, x-rate-limit-api-token-remaining
X-Rate-Limit-Api-Key-Interval-Ms=10000
X-Rate-Limit-Api-Key-Max=300
X-Rate-Limit-Api-Key-Remaining=298
X-Rate-Limit-Api-Token-Interval-Ms=10000
X-Rate-Limit-Api-Token-Max=100
X-Rate-Limit-Api-Token-Remaining=98
X-Rate-Limit-Member-Interval-Ms=10000
X-Rate-Limit-Member-Max=200
X-Rate-Limit-Member-Remaining=198
X-Server-Time=1621939606721
Content-Type=application/json; charset=utf-8
Date=Tue, 25 May 2021 10:46:46 GMT
Content-Encoding=gzip
X-Envoy-Upstream-Service-Time=236
Expect-Ct=report-uri=&amp;quot;https://web-security-reports.services.atlassian.com/expect-ct-report/trello-edge&amp;quot;, max-age=86400
X-Logging-Id=7a01fdce-4547-49f0-9059-3b05dad7c9ba
Strict-Transport-Security=max-age=63072000; preload
X-Content-Type-Options=nosniff
X-Xss-Protection=1; mode=block
Atl-Traceid=feefcb1b713dc749
Server=globaledge-envoy
Transfer-Encoding=chunked
">
      <![CDATA[java.lang.AssertionError: 1 expectation failed.
Expected header "Content-Type" was not "application/json; charset=utf-9", was "application/json; charset=utf-8". Headers are:
X-Dns-Prefetch-Control=off
X-Frame-Options=DENY
X-Download-Options=noopen
X-Permitted-Cross-Domain-Policies=none
Referrer-Policy=strict-origin-when-cross-origin
Surrogate-Control=no-store
Cache-Control=max-age=0, must-revalidate, no-cache, no-store
Pragma=no-cache
Expires=Thu, 01 Jan 1970 00:00:00
X-Trello-Version=1.2444.0
X-Trello-Environment=Production
Set-Cookie=dsc=5cdca406d9fdfe308a6a44e440ae9cf347cd16f6516160af15e58ba40a298953; Path=/; Expires=Fri, 28 May 2021 10:46:46 GMT; Secure
Set-Cookie=preAuthProps=s%3A6092c502f3c0993906dedeb8%3AisEnterpriseAdmin%3Dfalse.Pldgfrh1OgGbRuKV1jWYmtHa6reh1uhwOqbOwq8qYDQ; Path=/
Access-Control-Allow-Origin=*
Access-Control-Allow-Methods=GET, PUT, POST, DELETE
Access-Control-Allow-Headers=Authorization, Accept, Content-Type
Access-Control-Expose-Headers=x-rate-limit-api-key-interval-ms, x-rate-limit-api-key-max, x-rate-limit-api-key-remaining, x-rate-limit-api-token-interval-ms, x-rate-limit-api-token-max, x-rate-limit-api-token-remaining
X-Rate-Limit-Api-Key-Interval-Ms=10000
X-Rate-Limit-Api-Key-Max=300
X-Rate-Limit-Api-Key-Remaining=298
X-Rate-Limit-Api-Token-Interval-Ms=10000
X-Rate-Limit-Api-Token-Max=100
X-Rate-Limit-Api-Token-Remaining=98
X-Rate-Limit-Member-Interval-Ms=10000
X-Rate-Limit-Member-Max=200
X-Rate-Limit-Member-Remaining=198
X-Server-Time=1621939606721
Content-Type=application/json; charset=utf-8
Date=Tue, 25 May 2021 10:46:46 GMT
Content-Encoding=gzip
X-Envoy-Upstream-Service-Time=236
Expect-Ct=report-uri="https://web-security-reports.services.atlassian.com/expect-ct-report/trello-edge", max-age=86400
X-Logging-Id=7a01fdce-4547-49f0-9059-3b05dad7c9ba
Strict-Transport-Security=max-age=63072000; preload
X-Content-Type-Options=nosniff
X-Xss-Protection=1; mode=block
Atl-Traceid=feefcb1b713dc749
Server=globaledge-envoy
Transfer-Encoding=chunked

at sun.reflect.NativeConstructorAccessorImpl.newInstance0(Native Method)
at sun.reflect.NativeConstructorAccessorImpl.newInstance(Unknown Source)
at sun.reflect.DelegatingConstructorAccessorImpl.newInstance(Unknown Source)
at java.lang.reflect.Constructor.newInstance(Unknown Source)
at org.codehaus.groovy.reflection.CachedConstructor.invoke(CachedConstructor.java:72)
at org.codehaus.groovy.reflection.CachedConstructor.doConstructorInvoke(CachedConstructor.java:59)
at org.codehaus.groovy.runtime.callsite.ConstructorSite$ConstructorSiteNoUnwrap.callConstructor(ConstructorSite.java:84)
at org.codehaus.groovy.runtime.callsite.CallSiteArray.defaultCallConstructor(CallSiteArray.java:59)
at org.codehaus.groovy.runtime.callsite.AbstractCallSite.callConstructor(AbstractCallSite.java:263)
at org.codehaus.groovy.runtime.callsite.AbstractCallSite.callConstructor(AbstractCallSite.java:277)
at io.restassured.internal.ResponseSpecificationImpl$HamcrestAssertionClosure.validate(ResponseSpecificationImpl.groovy:493)
at io.restassured.internal.ResponseSpecificationImpl$HamcrestAssertionClosure$validate$1.call(Unknown Source)
at io.restassured.internal.ResponseSpecificationImpl.validateResponseIfRequired(ResponseSpecificationImpl.groovy:674)
at sun.reflect.NativeMethodAccessorImpl.invoke0(Native Method)
at sun.reflect.NativeMethodAccessorImpl.invoke(Unknown Source)
at sun.reflect.DelegatingMethodAccessorImpl.invoke(Unknown Source)
at java.lang.reflect.Method.invoke(Unknown Source)
at org.codehaus.groovy.runtime.callsite.PlainObjectMetaMethodSite.doInvoke(PlainObjectMetaMethodSite.java:43)
at org.codehaus.groovy.runtime.callsite.PogoMetaMethodSite$PogoCachedMethodSiteNoUnwrapNoCoerce.invoke(PogoMetaMethodSite.java:193)
at org.codehaus.groovy.runtime.callsite.PogoMetaMethodSite.callCurrent(PogoMetaMethodSite.java:61)
at org.codehaus.groovy.runtime.callsite.CallSiteArray.defaultCallCurrent(CallSiteArray.java:51)
at org.codehaus.groovy.runtime.callsite.AbstractCallSite.callCurrent(AbstractCallSite.java:171)
at org.codehaus.groovy.runtime.callsite.AbstractCallSite.callCurrent(AbstractCallSite.java:185)
at io.restassured.internal.ResponseSpecificationImpl.header(ResponseSpecificationImpl.groovy:182)
at io.restassured.specification.ResponseSpecification$header$2.callCurrent(Unknown Source)
at org.codehaus.groovy.runtime.callsite.CallSiteArray.defaultCallCurrent(CallSiteArray.java:51)
at org.codehaus.groovy.runtime.callsite.AbstractCallSite.callCurrent(AbstractCallSite.java:171)
at org.codehaus.groovy.runtime.callsite.AbstractCallSite.callCurrent(AbstractCallSite.java:194)
at io.restassured.internal.ResponseSpecificationImpl.header(ResponseSpecificationImpl.groovy:189)
at io.restassured.internal.ValidatableResponseOptionsImpl.header(ValidatableResponseOptionsImpl.java:124)
at io.restassured.internal.ValidatableResponseImpl.super$2$header(ValidatableResponseImpl.groovy)
at sun.reflect.NativeMethodAccessorImpl.invoke0(Native Method)
at sun.reflect.NativeMethodAccessorImpl.invoke(Unknown Source)
at sun.reflect.DelegatingMethodAccessorImpl.invoke(Unknown Source)
at java.lang.reflect.Method.invoke(Unknown Source)
at org.codehaus.groovy.reflection.CachedMethod.invoke(CachedMethod.java:107)
at groovy.lang.MetaMethod.doMethodInvoke(MetaMethod.java:323)
at groovy.lang.MetaClassImpl.invokeMethod(MetaClassImpl.java:1268)
at org.codehaus.groovy.runtime.ScriptBytecodeAdapter.invokeMethodOnSuperN(ScriptBytecodeAdapter.java:144)
at io.restassured.internal.ValidatableResponseImpl.header(ValidatableResponseImpl.groovy:184)
at io.restassured.internal.ValidatableResponseImpl.header(ValidatableResponseImpl.groovy)
at com.synechron.ws.wstraining.basics.get.GetBoardWithValidation.validateResponseHeaderInGet(GetBoardWithValidation.java:56)
at sun.reflect.NativeMethodAccessorImpl.invoke0(Native Method)
at sun.reflect.NativeMethodAccessorImpl.invoke(Unknown Source)
at sun.reflect.DelegatingMethodAccessorImpl.invoke(Unknown Source)
at java.lang.reflect.Method.invoke(Unknown Source)
at org.testng.internal.MethodInvocationHelper.invokeMethod(MethodInvocationHelper.java:124)
at org.testng.internal.Invoker.invokeMethod(Invoker.java:583)
at org.testng.internal.Invoker.invokeTestMethod(Invoker.java:719)
at org.testng.internal.Invoker.invokeTestMethods(Invoker.java:989)
at org.testng.internal.TestMethodWorker.invokeTestMethods(TestMethodWorker.java:125)
at org.testng.internal.TestMethodWorker.run(TestMethodWorker.java:109)
at org.testng.TestRunner.privateRun(TestRunner.java:648)
at org.testng.TestRunner.run(TestRunner.java:505)
at org.testng.SuiteRunner.runTest(SuiteRunner.java:455)
at org.testng.SuiteRunner.runSequentially(SuiteRunner.java:450)
at org.testng.SuiteRunner.privateRun(SuiteRunner.java:415)
at org.testng.SuiteRunner.run(SuiteRunner.java:364)
at org.testng.SuiteRunnerWorker.runSuite(SuiteRunnerWorker.java:52)
at org.testng.SuiteRunnerWorker.run(SuiteRunnerWorker.java:84)
at org.testng.TestNG.runSuitesSequentially(TestNG.java:1208)
at org.testng.TestNG.runSuitesLocally(TestNG.java:1137)
at org.testng.TestNG.runSuites(TestNG.java:1049)
at org.testng.TestNG.run(TestNG.java:1017)
at org.testng.remote.AbstractRemoteTestNG.run(AbstractRemoteTestNG.java:115)
at org.testng.remote.RemoteTestNG.initAndRun(RemoteTestNG.java:251)
at org.testng.remote.RemoteTestNG.main(RemoteTestNG.java:77)
]]>
    </failure>
  </testcase> <!-- validateResponseHeaderInGet -->
</testsuite> <!-- Default test -->
