<?xml version="1.0" encoding="UTF-8"?>
<!-- Generated by org.testng.reporters.JUnitXMLReporter -->
<testsuite hostname="ARAVINDA-DELL-PERSONAL" ignored="0" name="Trello" tests="12" failures="0" timestamp="27 May 2021 10:53:18 GMT" time="12.679" errors="0">
  <testcase name="multipleAssertions" time="5.214" classname="com.synechron.ws.wstraining.basics.get.GetBoardWithValidation"/>
  <testcase name="printAllArrayElements" time="0.731" classname="com.synechron.ws.wstraining.basics.get.GetBoardWithValidation"/>
  <testcase name="validateBodyInGet" time="0.539" classname="com.synechron.ws.wstraining.basics.get.GetBoardWithValidation"/>
  <testcase name="validateKeyExist" time="1.287" classname="com.synechron.ws.wstraining.basics.get.GetBoardWithValidation"/>
  <testcase name="validateMultipleValuesInArray" time="0.549" classname="com.synechron.ws.wstraining.basics.get.GetBoardWithValidation"/>
  <testcase name="validateResponseHeaderInGet" time="0.547" classname="com.synechron.ws.wstraining.basics.get.GetBoardWithValidation"/>
  <testcase name="validateResponseInArray" time="0.547" classname="com.synechron.ws.wstraining.basics.get.GetBoardWithValidation"/>
  <testcase name="verifyPerticularValue" time="0.643" classname="com.synechron.ws.wstraining.basics.get.GetBoardWithValidation"/>
  <testcase name="validateGetBoardInBDDStyle" time="0.477" classname="com.synechron.ws.wstraining.basics.get.GetTrelloBoard"/>
  <testcase name="validateGetBoardInBDDStyleSimplified" time="0.491" classname="com.synechron.ws.wstraining.basics.get.GetTrelloBoard"/>
  <testcase name="validateGetBoardInExpectFormat" time="0.513" classname="com.synechron.ws.wstraining.basics.get.GetTrelloBoard"/>
  <testcase name="validateGetBoardInRestFormat" time="0.488" classname="com.synechron.ws.wstraining.basics.get.GetTrelloBoard"/>
</testsuite> <!-- Trello -->
